Archivo: InformationRestController.java | Caracteres: 426 | Tiempo inicio archivo: 06/06/2025:12:10:09 | Tiempo fin archivo: 06/06/2025:12:10:36 | Tiempo total fin: 06/06/2025:12:10:36
Archivo: FileException.java | Caracteres: 794 | Tiempo inicio archivo: 06/06/2025:12:10:09 | Tiempo fin archivo: 06/06/2025:12:10:43 | Tiempo total fin: 06/06/2025:12:10:43
Archivo: General.java | Caracteres: 924 | Tiempo inicio archivo: 06/06/2025:12:10:09 | Tiempo fin archivo: 06/06/2025:12:10:47 | Tiempo total fin: 06/06/2025:12:10:47
Archivo: AlmacenamientoArchivoRestController.java | Caracteres: 3473 | Tiempo inicio archivo: 06/06/2025:12:10:09 | Tiempo fin archivo: 06/06/2025:12:10:53 | Tiempo total fin: 06/06/2025:12:10:53
Archivo: AppExceptionHandler.java | Caracteres: 2928 | Tiempo inicio archivo: 06/06/2025:12:10:09 | Tiempo fin archivo: 06/06/2025:12:11:08 | Tiempo total fin: 06/06/2025:12:11:08
Archivo: InicioController.java | Caracteres: 606 | Tiempo inicio archivo: 06/06/2025:12:10:37 | Tiempo fin archivo: 06/06/2025:12:11:13 | Tiempo total fin: 06/06/2025:12:11:13
Archivo: GuiaEnvioTVEntity.java | Caracteres: 638 | Tiempo inicio archivo: 06/06/2025:12:10:44 | Tiempo fin archivo: 06/06/2025:12:11:26 | Tiempo total fin: 06/06/2025:12:11:26
Archivo: GuiaEnvioEntity.java | Caracteres: 635 | Tiempo inicio archivo: 06/06/2025:12:10:48 | Tiempo fin archivo: 06/06/2025:12:11:30 | Tiempo total fin: 06/06/2025:12:11:30
Archivo: SessionFilter.java | Caracteres: 3733 | Tiempo inicio archivo: 06/06/2025:12:10:54 | Tiempo fin archivo: 06/06/2025:12:11:35 | Tiempo total fin: 06/06/2025:12:11:35
Archivo: GenericDto.java | Caracteres: 424 | Tiempo inicio archivo: 06/06/2025:12:11:08 | Tiempo fin archivo: 06/06/2025:12:11:53 | Tiempo total fin: 06/06/2025:12:11:53
Archivo: UploadFileResponse.java | Caracteres: 1980 | Tiempo inicio archivo: 06/06/2025:12:11:12 | Tiempo fin archivo: 06/06/2025:12:11:53 | Tiempo total fin: 06/06/2025:12:11:53
Archivo: FileDto.java | Caracteres: 615 | Tiempo inicio archivo: 06/06/2025:12:11:35 | Tiempo fin archivo: 06/06/2025:12:12:12 | Tiempo total fin: 06/06/2025:12:12:12
Archivo: GuiaDto.java | Caracteres: 525 | Tiempo inicio archivo: 06/06/2025:12:11:31 | Tiempo fin archivo: 06/06/2025:12:12:14 | Tiempo total fin: 06/06/2025:12:12:14
Archivo: GuiaTVDto.java | Caracteres: 298 | Tiempo inicio archivo: 06/06/2025:12:11:27 | Tiempo fin archivo: 06/06/2025:12:12:15 | Tiempo total fin: 06/06/2025:12:12:15
Archivo: ApiResponseDto.java | Caracteres: 523 | Tiempo inicio archivo: 06/06/2025:12:11:53 | Tiempo fin archivo: 06/06/2025:12:12:30 | Tiempo total fin: 06/06/2025:12:12:30
Archivo: Smtp.java | Caracteres: 1068 | Tiempo inicio archivo: 06/06/2025:12:11:53 | Tiempo fin archivo: 06/06/2025:12:12:41 | Tiempo total fin: 06/06/2025:12:12:41
Archivo: Constantes.java | Caracteres: 1440 | Tiempo inicio archivo: 06/06/2025:12:12:13 | Tiempo fin archivo: 06/06/2025:12:12:44 | Tiempo total fin: 06/06/2025:12:12:44
Archivo: AppMessages.java | Caracteres: 373 | Tiempo inicio archivo: 06/06/2025:12:12:15 | Tiempo fin archivo: 06/06/2025:12:12:54 | Tiempo total fin: 06/06/2025:12:12:54
Archivo: Meta.java | Caracteres: 1638 | Tiempo inicio archivo: 06/06/2025:12:12:15 | Tiempo fin archivo: 06/06/2025:12:13:00 | Tiempo total fin: 06/06/2025:12:13:00
Archivo: Conexion.java | Caracteres: 2375 | Tiempo inicio archivo: 06/06/2025:12:12:30 | Tiempo fin archivo: 06/06/2025:12:13:17 | Tiempo total fin: 06/06/2025:12:13:17
Archivo: Sanitizie.java | Caracteres: 433 | Tiempo inicio archivo: 06/06/2025:12:12:41 | Tiempo fin archivo: 06/06/2025:12:13:22 | Tiempo total fin: 06/06/2025:12:13:22
Archivo: Archivo.java | Caracteres: 377 | Tiempo inicio archivo: 06/06/2025:12:12:54 | Tiempo fin archivo: 06/06/2025:12:13:38 | Tiempo total fin: 06/06/2025:12:13:38
Archivo: ArchivoImpl.java | Caracteres: 10835 | Tiempo inicio archivo: 06/06/2025:12:12:45 | Tiempo fin archivo: 06/06/2025:12:13:41 | Tiempo total fin: 06/06/2025:12:13:41
Archivo: GuiaEnvioTVRepository.java | Caracteres: 1743 | Tiempo inicio archivo: 06/06/2025:12:13:00 | Tiempo fin archivo: 06/06/2025:12:13:51 | Tiempo total fin: 06/06/2025:12:13:51
Archivo: GuiaEnvioRepository.java | Caracteres: 1699 | Tiempo inicio archivo: 06/06/2025:12:13:17 | Tiempo fin archivo: 06/06/2025:12:13:52 | Tiempo total fin: 06/06/2025:12:13:52
Archivo: MainApplication.java | Caracteres: 520 | Tiempo inicio archivo: 06/06/2025:12:13:23 | Tiempo fin archivo: 06/06/2025:12:14:06 | Tiempo total fin: 06/06/2025:12:14:06
Archivo: AppConfig.java | Caracteres: 1120 | Tiempo inicio archivo: 06/06/2025:12:13:41 | Tiempo fin archivo: 06/06/2025:12:14:14 | Tiempo total fin: 06/06/2025:12:14:14
Archivo: OpenApiConfig.java | Caracteres: 802 | Tiempo inicio archivo: 06/06/2025:12:13:39 | Tiempo fin archivo: 06/06/2025:12:14:15 | Tiempo total fin: 06/06/2025:12:14:15
Archivo: ConfigBeans.java | Caracteres: 491 | Tiempo inicio archivo: 06/06/2025:12:13:51 | Tiempo fin archivo: 06/06/2025:12:14:30 | Tiempo total fin: 06/06/2025:12:14:30
Archivo: SecurityConfiguration.java | Caracteres: 1370 | Tiempo inicio archivo: 06/06/2025:12:13:52 | Tiempo fin archivo: 06/06/2025:12:14:36 | Tiempo total fin: 06/06/2025:12:14:36
Archivo: ServiceConfig.java | Caracteres: 756 | Tiempo inicio archivo: 06/06/2025:12:14:06 | Tiempo fin archivo: 06/06/2025:12:14:47 | Tiempo total fin: 06/06/2025:12:14:47
Archivo: MapperConfig.java | Caracteres: 332 | Tiempo inicio archivo: 06/06/2025:12:14:15 | Tiempo fin archivo: 06/06/2025:12:14:50 | Tiempo total fin: 06/06/2025:12:14:50
Archivo: WebMvcConfigure.java | Caracteres: 4322 | Tiempo inicio archivo: 06/06/2025:12:14:14 | Tiempo fin archivo: 06/06/2025:12:14:56 | Tiempo total fin: 06/06/2025:12:14:56
Archivo: DataSourceConfig.java | Caracteres: 1437 | Tiempo inicio archivo: 06/06/2025:12:14:36 | Tiempo fin archivo: 06/06/2025:12:15:14 | Tiempo total fin: 06/06/2025:12:15:14
Archivo: WebConfig.java | Caracteres: 753 | Tiempo inicio archivo: 06/06/2025:12:14:30 | Tiempo fin archivo: 06/06/2025:12:15:15 | Tiempo total fin: 06/06/2025:12:15:15
Archivo: main.js | Caracteres: 1432 | Tiempo inicio archivo: 06/06/2025:12:14:47 | Tiempo fin archivo: 06/06/2025:12:15:26 | Tiempo total fin: 06/06/2025:12:15:26
