Archivo: FileException.java | Caracteres: 794 | Tiempo inicio archivo: 05/06/2025:13:21:05 -0600 | Tiempo fin archivo: 05/06/2025:13:22:22 -0600 | Tiempo total fin: 05/06/2025:13:22:22 -0600
Archivo: AppExceptionHandler.java | Caracteres: 2928 | Tiempo inicio archivo: 05/06/2025:13:21:05 -0600 | Tiempo fin archivo: 05/06/2025:13:22:26 -0600 | Tiempo total fin: 05/06/2025:13:22:26 -0600
Archivo: General.java | Caracteres: 924 | Tiempo inicio archivo: 05/06/2025:13:21:06 -0600 | Tiempo fin archivo: 05/06/2025:13:22:33 -0600 | Tiempo total fin: 05/06/2025:13:22:33 -0600
Archivo: InformationRestController.java | Caracteres: 426 | Tiempo inicio archivo: 05/06/2025:13:21:05 -0600 | Tiempo fin archivo: 05/06/2025:13:23:02 -0600 | Tiempo total fin: 05/06/2025:13:23:02 -0600
Archivo: AlmacenamientoArchivoRestController.java | Caracteres: 3473 | Tiempo inicio archivo: 05/06/2025:13:21:05 -0600 | Tiempo fin archivo: 05/06/2025:13:23:09 -0600 | Tiempo total fin: 05/06/2025:13:23:09 -0600
Archivo: InicioController.java | Caracteres: 606 | Tiempo inicio archivo: 05/06/2025:13:22:22 -0600 | Tiempo fin archivo: 05/06/2025:13:23:47 -0600 | Tiempo total fin: 05/06/2025:13:23:47 -0600
Archivo: GuiaEnvioTVEntity.java | Caracteres: 638 | Tiempo inicio archivo: 05/06/2025:13:22:26 -0600 | Tiempo fin archivo: 05/06/2025:13:23:54 -0600 | Tiempo total fin: 05/06/2025:13:23:54 -0600
Archivo: GuiaEnvioEntity.java | Caracteres: 635 | Tiempo inicio archivo: 05/06/2025:13:22:33 -0600 | Tiempo fin archivo: 05/06/2025:13:24:03 -0600 | Tiempo total fin: 05/06/2025:13:24:03 -0600
Archivo: SessionFilter.java | Caracteres: 3733 | Tiempo inicio archivo: 05/06/2025:13:23:02 -0600 | Tiempo fin archivo: 05/06/2025:13:24:19 -0600 | Tiempo total fin: 05/06/2025:13:24:19 -0600
Archivo: GenericDto.java | Caracteres: 424 | Tiempo inicio archivo: 05/06/2025:13:23:09 -0600 | Tiempo fin archivo: 05/06/2025:13:24:24 -0600 | Tiempo total fin: 05/06/2025:13:24:24 -0600
Archivo: UploadFileResponse.java | Caracteres: 1980 | Tiempo inicio archivo: 05/06/2025:13:23:47 -0600 | Tiempo fin archivo: 05/06/2025:13:24:59 -0600 | Tiempo total fin: 05/06/2025:13:24:59 -0600
Archivo: GuiaTVDto.java | Caracteres: 298 | Tiempo inicio archivo: 05/06/2025:13:23:54 -0600 | Tiempo fin archivo: 05/06/2025:13:25:14 -0600 | Tiempo total fin: 05/06/2025:13:25:14 -0600
Archivo: GuiaDto.java | Caracteres: 525 | Tiempo inicio archivo: 05/06/2025:13:24:03 -0600 | Tiempo fin archivo: 05/06/2025:13:25:24 -0600 | Tiempo total fin: 05/06/2025:13:25:24 -0600
Archivo: ApiResponseDto.java | Caracteres: 523 | Tiempo inicio archivo: 05/06/2025:13:24:24 -0600 | Tiempo fin archivo: 05/06/2025:13:25:36 -0600 | Tiempo total fin: 05/06/2025:13:25:36 -0600
Archivo: FileDto.java | Caracteres: 615 | Tiempo inicio archivo: 05/06/2025:13:24:19 -0600 | Tiempo fin archivo: 05/06/2025:13:25:43 -0600 | Tiempo total fin: 05/06/2025:13:25:43 -0600
Archivo: Smtp.java | Caracteres: 1068 | Tiempo inicio archivo: 05/06/2025:13:24:59 -0600 | Tiempo fin archivo: 05/06/2025:13:26:14 -0600 | Tiempo total fin: 05/06/2025:13:26:14 -0600
Archivo: Constantes.java | Caracteres: 1440 | Tiempo inicio archivo: 05/06/2025:13:25:15 -0600 | Tiempo fin archivo: 05/06/2025:13:26:28 -0600 | Tiempo total fin: 05/06/2025:13:26:28 -0600
Archivo: AppMessages.java | Caracteres: 373 | Tiempo inicio archivo: 05/06/2025:13:25:25 -0600 | Tiempo fin archivo: 05/06/2025:13:26:44 -0600 | Tiempo total fin: 05/06/2025:13:26:44 -0600
Archivo: Meta.java | Caracteres: 1638 | Tiempo inicio archivo: 05/06/2025:13:25:36 -0600 | Tiempo fin archivo: 05/06/2025:13:26:59 -0600 | Tiempo total fin: 05/06/2025:13:26:59 -0600
Archivo: Conexion.java | Caracteres: 2375 | Tiempo inicio archivo: 05/06/2025:13:25:44 -0600 | Tiempo fin archivo: 05/06/2025:13:27:12 -0600 | Tiempo total fin: 05/06/2025:13:27:12 -0600
Archivo: Sanitizie.java | Caracteres: 433 | Tiempo inicio archivo: 05/06/2025:13:26:15 -0600 | Tiempo fin archivo: 05/06/2025:13:27:25 -0600 | Tiempo total fin: 05/06/2025:13:27:25 -0600
Archivo: ArchivoImpl.java | Caracteres: 10835 | Tiempo inicio archivo: 05/06/2025:13:26:28 -0600 | Tiempo fin archivo: 05/06/2025:13:27:59 -0600 | Tiempo total fin: 05/06/2025:13:27:59 -0600
Archivo: Archivo.java | Caracteres: 377 | Tiempo inicio archivo: 05/06/2025:13:26:44 -0600 | Tiempo fin archivo: 05/06/2025:13:28:14 -0600 | Tiempo total fin: 05/06/2025:13:28:14 -0600
Archivo: GuiaEnvioTVRepository.java | Caracteres: 1743 | Tiempo inicio archivo: 05/06/2025:13:26:59 -0600 | Tiempo fin archivo: 05/06/2025:13:28:18 -0600 | Tiempo total fin: 05/06/2025:13:28:18 -0600
Archivo: GuiaEnvioRepository.java | Caracteres: 1699 | Tiempo inicio archivo: 05/06/2025:13:27:12 -0600 | Tiempo fin archivo: 05/06/2025:13:28:44 -0600 | Tiempo total fin: 05/06/2025:13:28:44 -0600
Archivo: MainApplication.java | Caracteres: 520 | Tiempo inicio archivo: 05/06/2025:13:27:26 -0600 | Tiempo fin archivo: 05/06/2025:13:28:47 -0600 | Tiempo total fin: 05/06/2025:13:28:47 -0600
Archivo: OpenApiConfig.java | Caracteres: 802 | Tiempo inicio archivo: 05/06/2025:13:28:00 -0600 | Tiempo fin archivo: 05/06/2025:13:29:12 -0600 | Tiempo total fin: 05/06/2025:13:29:12 -0600
Archivo: AppConfig.java | Caracteres: 1120 | Tiempo inicio archivo: 05/06/2025:13:28:14 -0600 | Tiempo fin archivo: 05/06/2025:13:29:24 -0600 | Tiempo total fin: 05/06/2025:13:29:24 -0600
Archivo: ConfigBeans.java | Caracteres: 491 | Tiempo inicio archivo: 05/06/2025:13:28:18 -0600 | Tiempo fin archivo: 05/06/2025:13:29:28 -0600 | Tiempo total fin: 05/06/2025:13:29:28 -0600
Archivo: ServiceConfig.java | Caracteres: 756 | Tiempo inicio archivo: 05/06/2025:13:28:47 -0600 | Tiempo fin archivo: 05/06/2025:13:29:57 -0600 | Tiempo total fin: 05/06/2025:13:29:57 -0600
Archivo: SecurityConfiguration.java | Caracteres: 1370 | Tiempo inicio archivo: 05/06/2025:13:28:45 -0600 | Tiempo fin archivo: 05/06/2025:13:30:08 -0600 | Tiempo total fin: 05/06/2025:13:30:08 -0600
Archivo: WebMvcConfigure.java | Caracteres: 4322 | Tiempo inicio archivo: 05/06/2025:13:29:13 -0600 | Tiempo fin archivo: 05/06/2025:13:30:33 -0600 | Tiempo total fin: 05/06/2025:13:30:33 -0600
Archivo: MapperConfig.java | Caracteres: 332 | Tiempo inicio archivo: 05/06/2025:13:29:25 -0600 | Tiempo fin archivo: 05/06/2025:13:30:45 -0600 | Tiempo total fin: 05/06/2025:13:30:45 -0600
Archivo: WebConfig.java | Caracteres: 753 | Tiempo inicio archivo: 05/06/2025:13:29:29 -0600 | Tiempo fin archivo: 05/06/2025:13:30:48 -0600 | Tiempo total fin: 05/06/2025:13:30:48 -0600
Archivo: DataSourceConfig.java | Caracteres: 1437 | Tiempo inicio archivo: 05/06/2025:13:29:57 -0600 | Tiempo fin archivo: 05/06/2025:13:31:20 -0600 | Tiempo total fin: 05/06/2025:13:31:20 -0600
Archivo: main.js | Caracteres: 1432 | Tiempo inicio archivo: 05/06/2025:13:30:08 -0600 | Tiempo fin archivo: 05/06/2025:13:31:29 -0600 | Tiempo total fin: 05/06/2025:13:31:29 -0600
Archivo: README.md | Caracteres: 2518 | Tiempo inicio archivo: 05/06/2025:13:30:33 -0600 | Tiempo fin archivo: 05/06/2025:13:31:58 -0600 | Tiempo total fin: 05/06/2025:13:31:58 -0600
